<?xml version="1.0" encoding="UTF-8"?>
<!-- Generated by org.testng.reporters.JUnitXMLReporter -->
<testsuite ignored="0" hostname="User-PC" failures="1" tests="1" name="Login Test" time="13.231" errors="0" timestamp="09 Feb 2019 13:33:51 GMT">
  <testcase classname="com.home.testcases.LoginTest" name="loginAsBankManager" time="13.209">
    <failure type="java.lang.AssertionError" message="Login not successfull expected [true] but found [false]">
      <![CDATA[java.lang.AssertionError: Login not successfull expected [true] but found [false]
at com.home.testcases.LoginTest.loginAsBankManager(LoginTest.java:18)
... Removed 28 stack frames]]>
    </failure>
  </testcase> <!-- loginAsBankManager -->
</testsuite> <!-- Login Test -->
