<?xml version="1.0" encoding="UTF-8"?>
<testng-results ignored="0" total="6" passed="5" failed="0" skipped="1">
  <reporter-output>
    <line>
      <![CDATA[Login successfully executed]]>
    </line>
  </reporter-output>
  <suite started-at="2019-02-11T11:22:43Z" name="Data Driven Basics" finished-at="2019-02-11T11:22:54Z" duration-ms="11534">
    <groups>
    </groups>
    <test started-at="2019-02-11T11:22:43Z" name="Bank Manager Login Test" finished-at="2019-02-11T11:22:43Z" duration-ms="938">
      <class name="com.home.testcases.BankManagerLoginTest">
        <test-method signature="bankManagerLoginTest()[pri:0, instance:com.home.testcases.BankManagerLoginTest@4e76dac]" started-at="2019-02-11T11:22:43Z" name="bankManagerLoginTest" finished-at="2019-02-11T11:22:43Z" duration-ms="658" status="PASS">
          <reporter-output>
            <line>
              <![CDATA[Login successfully executed]]>
            </line>
          </reporter-output>
        </test-method> <!-- bankManagerLoginTest -->
      </class> <!-- com.home.testcases.BankManagerLoginTest -->
    </test> <!-- Bank Manager Login Test -->
    <test started-at="2019-02-11T11:22:44Z" name="Add Customer Test" finished-at="2019-02-11T11:22:54Z" duration-ms="10472">
      <class name="com.home.testcases.AddCustomerTest">
        <test-method signature="addCustomerTest(java.util.Hashtable)[pri:0, instance:com.home.testcases.AddCustomerTest@6865c751]" started-at="2019-02-11T11:22:44Z" name="addCustomerTest" data-provider="dp" finished-at="2019-02-11T11:22:46Z" duration-ms="2917" status="PASS">
          <params>
            <param index="0">
              <value>
                <![CDATA[{postCode=123wp, lastName=Majeed, runMode=Y, firstName=Sohaib, alertText=Customer added successfully}]]>
              </value>
            </param>
          </params>
          <reporter-output>
          </reporter-output>
        </test-method> <!-- addCustomerTest -->
        <test-method signature="addCustomerTest(java.util.Hashtable)[pri:0, instance:com.home.testcases.AddCustomerTest@6865c751]" started-at="2019-02-11T11:22:47Z" name="addCustomerTest" data-provider="dp" finished-at="2019-02-11T11:22:49Z" duration-ms="2450" status="PASS">
          <params>
            <param index="0">
              <value>
                <![CDATA[{postCode=4567xy, lastName=Ahmed, runMode=Y, firstName=Daniyal, alertText=Customer added successfully}]]>
              </value>
            </param>
          </params>
          <reporter-output>
          </reporter-output>
        </test-method> <!-- addCustomerTest -->
        <test-method signature="addCustomerTest(java.util.Hashtable)[pri:0, instance:com.home.testcases.AddCustomerTest@6865c751]" started-at="2019-02-11T11:22:49Z" name="addCustomerTest" data-provider="dp" finished-at="2019-02-11T11:22:52Z" duration-ms="2482" status="PASS">
          <params>
            <param index="0">
              <value>
                <![CDATA[{postCode=76yrt, lastName=Ali, runMode=Y, firstName=Kashan, alertText=Customer added successfully}]]>
              </value>
            </param>
          </params>
          <reporter-output>
          </reporter-output>
        </test-method> <!-- addCustomerTest -->
        <test-method signature="addCustomerTest(java.util.Hashtable)[pri:0, instance:com.home.testcases.AddCustomerTest@6865c751]" started-at="2019-02-11T11:22:52Z" name="addCustomerTest" data-provider="dp" finished-at="2019-02-11T11:22:54Z" duration-ms="2388" status="PASS">
          <params>
            <param index="0">
              <value>
                <![CDATA[{postCode=89rt, lastName=Shabeer, runMode=Y, firstName=Usman, alertText=Customer added successfully}]]>
              </value>
            </param>
          </params>
          <reporter-output>
          </reporter-output>
        </test-method> <!-- addCustomerTest -->
      </class> <!-- com.home.testcases.AddCustomerTest -->
    </test> <!-- Add Customer Test -->
    <test started-at="2019-02-11T11:22:54Z" name="Open Account Test" finished-at="2019-02-11T11:22:54Z" duration-ms="66">
      <class name="com.home.testcases.OpenAccountTest">
        <test-method is-config="true" signature="setUp()[pri:0, instance:com.home.testcases.OpenAccountTest@33352f32]" started-at="2019-02-11T11:22:36Z" name="setUp" finished-at="2019-02-11T11:22:43Z" duration-ms="6407" status="PASS">
          <reporter-output>
          </reporter-output>
        </test-method> <!-- setUp -->
        <test-method signature="openAccountTest(java.util.Hashtable)[pri:0, instance:com.home.testcases.OpenAccountTest@33352f32]" started-at="2019-02-11T11:22:54Z" name="openAccountTest" data-provider="dp" finished-at="2019-02-11T11:22:54Z" duration-ms="23" status="SKIP">
          <params>
            <param index="0">
              <value>
                <![CDATA[{currency=Rupee, customer=Sohaib Majeed}]]>
              </value>
            </param>
          </params>
          <exception class="org.testng.SkipException">
            <message>
              <![CDATA[Skipping the testopenAccountTestas the Runmode is NO]]>
            </message>
            <full-stacktrace>
              <![CDATA[org.testng.SkipException: Skipping the testopenAccountTestas the Runmode is NO
at com.home.testcases.OpenAccountTest.openAccountTest(OpenAccountTest.java:25)
at java.base/jdk.internal.reflect.NativeMethodAccessorImpl.invoke0(Native Method)
at java.base/jdk.internal.reflect.NativeMethodAccessorImpl.invoke(NativeMethodAccessorImpl.java:62)
at java.base/jdk.internal.reflect.DelegatingMethodAccessorImpl.invoke(DelegatingMethodAccessorImpl.java:43)
at java.base/java.lang.reflect.Method.invoke(Method.java:566)
at org.testng.internal.MethodInvocationHelper.invokeMethod(MethodInvocationHelper.java:124)
at org.testng.internal.Invoker.invokeMethod(Invoker.java:583)
at org.testng.internal.Invoker.invokeTestMethod(Invoker.java:719)
at org.testng.internal.Invoker.invokeTestMethods(Invoker.java:989)
at org.testng.internal.TestMethodWorker.invokeTestMethods(TestMethodWorker.java:125)
at org.testng.internal.TestMethodWorker.run(TestMethodWorker.java:109)
at org.testng.TestRunner.privateRun(TestRunner.java:648)
at org.testng.TestRunner.run(TestRunner.java:505)
at org.testng.SuiteRunner.runTest(SuiteRunner.java:455)
at org.testng.SuiteRunner.runSequentially(SuiteRunner.java:450)
at org.testng.SuiteRunner.privateRun(SuiteRunner.java:415)
at org.testng.SuiteRunner.run(SuiteRunner.java:364)
at org.testng.SuiteRunnerWorker.runSuite(SuiteRunnerWorker.java:52)
at org.testng.SuiteRunnerWorker.run(SuiteRunnerWorker.java:84)
at org.testng.TestNG.runSuitesSequentially(TestNG.java:1208)
at org.testng.TestNG.runSuitesLocally(TestNG.java:1137)
at org.testng.TestNG.runSuites(TestNG.java:1049)
at org.testng.TestNG.run(TestNG.java:1017)
at org.testng.remote.AbstractRemoteTestNG.run(AbstractRemoteTestNG.java:114)
at org.testng.remote.RemoteTestNG.initAndRun(RemoteTestNG.java:251)
at org.testng.remote.RemoteTestNG.main(RemoteTestNG.java:77)
]]>
            </full-stacktrace>
          </exception> <!-- org.testng.SkipException -->
          <reporter-output>
          </reporter-output>
        </test-method> <!-- openAccountTest -->
        <test-method is-config="true" signature="tearDown()[pri:0, instance:com.home.testcases.OpenAccountTest@33352f32]" started-at="2019-02-11T11:22:54Z" name="tearDown" finished-at="2019-02-11T11:22:55Z" duration-ms="820" status="PASS">
          <reporter-output>
          </reporter-output>
        </test-method> <!-- tearDown -->
      </class> <!-- com.home.testcases.OpenAccountTest -->
    </test> <!-- Open Account Test -->
  </suite> <!-- Data Driven Basics -->
</testng-results>
